  AnalogClock.cpp
E:\Project\C++\Educoder\Project9\Project9\Graph.h(45,26): warning C4305: “初始化”: 从“Graph_lib::Color::Transparency”到“char”截断
E:\Project\C++\Educoder\Project9\Project9\Graph.h(45,46): warning C4309: “初始化”: 截断常量值
E:\Project\C++\Educoder\Project9\Project9\Graph.h(47,19): warning C4305: “初始化”: 从“Graph_lib::Color::Transparency”到“char”截断
E:\Project\C++\Educoder\Project9\Project9\Graph.h(47,39): warning C4309: “初始化”: 截断常量值
E:\Project\C++\Educoder\Project9\Project9\AnalogClock.cpp(56,50): warning C4244: “参数”: 从“double”转换到“int”，可能丢失数据
E:\Project\C++\Educoder\Project9\Project9\AnalogClock.cpp(56,21): warning C4244: “参数”: 从“double”转换到“int”，可能丢失数据
E:\Project\C++\Educoder\Project9\Project9\AnalogClock.cpp(57,44): warning C4244: “参数”: 从“double”转换到“int”，可能丢失数据
E:\Project\C++\Educoder\Project9\Project9\AnalogClock.cpp(57,15): warning C4244: “参数”: 从“double”转换到“int”，可能丢失数据
E:\Project\C++\Educoder\Project9\Project9\AnalogClock.cpp(63,50): warning C4244: “参数”: 从“double”转换到“int”，可能丢失数据
E:\Project\C++\Educoder\Project9\Project9\AnalogClock.cpp(63,21): warning C4244: “参数”: 从“double”转换到“int”，可能丢失数据
E:\Project\C++\Educoder\Project9\Project9\AnalogClock.cpp(64,44): warning C4244: “参数”: 从“double”转换到“int”，可能丢失数据
E:\Project\C++\Educoder\Project9\Project9\AnalogClock.cpp(64,15): warning C4244: “参数”: 从“double”转换到“int”，可能丢失数据
E:\Project\C++\Educoder\Project9\Project9\AnalogClock.cpp(69,40): warning C4244: “参数”: 从“double”转换到“int”，可能丢失数据
E:\Project\C++\Educoder\Project9\Project9\AnalogClock.cpp(68,52): warning C4244: “参数”: 从“double”转换到“int”，可能丢失数据
E:\Project\C++\Educoder\Project9\Project9\AnalogClock.cpp(87,72): warning C4244: “参数”: 从“double”转换到“int”，可能丢失数据
E:\Project\C++\Educoder\Project9\Project9\AnalogClock.cpp(87,44): warning C4244: “参数”: 从“double”转换到“int”，可能丢失数据
E:\Project\C++\Educoder\Project9\Project9\AnalogClock.cpp(88,65): warning C4244: “参数”: 从“double”转换到“int”，可能丢失数据
E:\Project\C++\Educoder\Project9\Project9\AnalogClock.cpp(88,39): warning C4244: “参数”: 从“double”转换到“int”，可能丢失数据
E:\Project\C++\Educoder\Project9\Project9\AnalogClock.cpp(89,65): warning C4244: “参数”: 从“double”转换到“int”，可能丢失数据
E:\Project\C++\Educoder\Project9\Project9\AnalogClock.cpp(89,39): warning C4244: “参数”: 从“double”转换到“int”，可能丢失数据
  Project9.vcxproj -> E:\Project\C++\Educoder\Project9\Debug\Project9.exe
